build/app/intermediates/manifest_merge_blame_file/debug/manifest-merger-blame-debug-report.txt
1<?xml version="1.0" encoding="utf-8"?>
2<manifest xmlns:android="http://schemas.android.com/apk/res/android"
3    package="com.wrteam.flutterquiz"
4    android:versionCode="5"
5    android:versionName="1.0.4" >
6
7    <uses-sdk
8        android:minSdkVersion="19"
9        android:targetSdkVersion="31" />
10    <!--
11         Flutter needs it to communicate with the running application
12         to allow setting breakpoints, to provide hot reload, etc.
13    -->
14    <uses-permission android:name="android.permission.INTERNET" />
14-->src\main\AndroidManifest.xml:5:4-65
14-->src\main\AndroidManifest.xml:5:21-63
15    <uses-permission android:name="android.permission.VIBRATE" />
15-->src\main\AndroidManifest.xml:4:4-64
15-->src\main\AndroidManifest.xml:4:21-62
16    <uses-permission android:name="android.permission.WRITE_EXTERNAL_STORAGE" />
16-->src\main\AndroidManifest.xml:6:5-80
16-->src\main\AndroidManifest.xml:6:22-78
17    <uses-permission android:name="android.permission.READ_EXTERNAL_STORAGE" />
17-->src\main\AndroidManifest.xml:7:5-79
17-->src\main\AndroidManifest.xml:7:22-77
18    <uses-permission android:name="android.permission.RECEIVE_BOOT_COMPLETED" />
18-->src\main\AndroidManifest.xml:9:5-80
18-->src\main\AndroidManifest.xml:9:22-78
19
20    <queries>
20-->src\main\AndroidManifest.xml:94:5-101:15
21
22        <!-- If your app opens https URLs -->
23        <intent>
23-->src\main\AndroidManifest.xml:96:5-99:14
24            <action android:name="android.intent.action.VIEW" />
24-->src\main\AndroidManifest.xml:85:16-68
24-->src\main\AndroidManifest.xml:85:24-65
25
26            <data android:scheme="https" />
26-->src\main\AndroidManifest.xml:88:16-74
26-->src\main\AndroidManifest.xml:88:22-71
27        </intent>
28        <intent>
28-->src\main\AndroidManifest.xml:96:5-99:14
29            <action android:name="android.media.browse.MediaBrowserService" />
30        </intent>
31        <intent>
31-->src\main\AndroidManifest.xml:96:5-99:14
32            <action android:name="androidx.media2.session.MediaSessionService" />
33        </intent>
34        <intent>
34-->src\main\AndroidManifest.xml:96:5-99:14
35            <action android:name="androidx.media2.session.MediaLibraryService" />
36        </intent>
37
38        <package android:name="com.facebook.katana" /> <!-- For browser content -->
38-->[com.facebook.android:audience-network-sdk:6.10.0] AndroidManifest.xml:12:9-55
38-->[com.facebook.android:audience-network-sdk:6.10.0] AndroidManifest.xml:12:18-52
39        <intent>
39-->src\main\AndroidManifest.xml:96:5-99:14
40            <action android:name="android.intent.action.VIEW" />
40-->src\main\AndroidManifest.xml:85:16-68
40-->src\main\AndroidManifest.xml:85:24-65
41
42            <category android:name="android.intent.category.BROWSABLE" />
42-->src\main\AndroidManifest.xml:87:16-77
42-->src\main\AndroidManifest.xml:87:26-74
43
44            <data android:scheme="https" />
44-->src\main\AndroidManifest.xml:88:16-74
44-->src\main\AndroidManifest.xml:88:22-71
45        </intent> <!-- End of browser content -->
46        <!-- For CustomTabsService -->
47        <intent>
47-->src\main\AndroidManifest.xml:96:5-99:14
48            <action android:name="android.support.customtabs.action.CustomTabsService" />
49        </intent>
50    </queries>
51
52    <uses-permission android:name="android.permission.WAKE_LOCK" />
52-->[:firebase_messaging] AndroidManifest.xml:8:5-68
52-->[:firebase_messaging] AndroidManifest.xml:8:22-65
53    <uses-permission android:name="android.permission.ACCESS_NETWORK_STATE" />
53-->[:firebase_messaging] AndroidManifest.xml:9:5-79
53-->[:firebase_messaging] AndroidManifest.xml:9:22-76
54    <uses-permission android:name="android.permission.USE_FULL_SCREEN_INTENT" />
54-->[:flutter_local_notifications] AndroidManifest.xml:9:5-81
54-->[:flutter_local_notifications] AndroidManifest.xml:9:22-78
55    <uses-permission android:name="android.permission.SCHEDULE_EXACT_ALARM" />
55-->[:flutter_local_notifications] AndroidManifest.xml:10:5-79
55-->[:flutter_local_notifications] AndroidManifest.xml:10:22-76
56    <uses-permission android:name="android.permission.FOREGROUND_SERVICE" /> <!-- Required by older versions of Google Play services to create IID tokens -->
56-->[:assets_audio_player] AndroidManifest.xml:7:5-77
56-->[:assets_audio_player] AndroidManifest.xml:7:22-74
57    <uses-permission android:name="com.google.android.c2dm.permission.RECEIVE" />
57-->[com.google.firebase:firebase-messaging:23.0.0] AndroidManifest.xml:25:5-82
57-->[com.google.firebase:firebase-messaging:23.0.0] AndroidManifest.xml:25:22-79
58    <uses-permission android:name="com.google.android.gms.permission.AD_ID" />
58-->[com.google.android.gms:play-services-ads-lite:20.4.0] AndroidManifest.xml:25:5-79
58-->[com.google.android.gms:play-services-ads-lite:20.4.0] AndroidManifest.xml:25:22-76
59    <uses-permission android:name="com.android.vending.BILLING" />
59-->[com.android.billingclient:billing:3.0.2] AndroidManifest.xml:10:5-67
59-->[com.android.billingclient:billing:3.0.2] AndroidManifest.xml:10:22-64
60    <uses-permission android:name="com.google.android.finsky.permission.BIND_GET_INSTALL_REFERRER_SERVICE" />
60-->[com.android.installreferrer:installreferrer:1.0] AndroidManifest.xml:9:5-110
60-->[com.android.installreferrer:installreferrer:1.0] AndroidManifest.xml:9:22-107
61
62    <application
62-->src\main\AndroidManifest.xml:12:4-92:19
63        android:name="androidx.multidex.MultiDexApplication"
64        android:appComponentFactory="androidx.core.app.CoreComponentFactory"
64-->[androidx.core:core:1.6.0] AndroidManifest.xml:24:18-86
65        android:debuggable="true"
66        android:hardwareAccelerated="true"
66-->[:facebook_audience_network] AndroidManifest.xml:7:18-52
67        android:icon="@mipmap/ic_launcher"
67-->src\main\AndroidManifest.xml:14:9-43
68        android:label="Elite Quiz"
68-->src\main\AndroidManifest.xml:13:9-35
69        android:supportsRtl="true"
69-->[com.facebook.android:facebook-login:12.0.1] AndroidManifest.xml:28:18-44
70        android:usesCleartextTraffic="true" >
70-->src\main\AndroidManifest.xml:15:9-44
71        <meta-data
71-->src\main\AndroidManifest.xml:18:8-20:68
72            android:name="com.google.android.gms.ads.APPLICATION_ID"
72-->src\main\AndroidManifest.xml:19:12-68
73            android:value="ca-app-pub-3940256099942544~3347511713" />
73-->src\main\AndroidManifest.xml:20:12-66
74        <meta-data
74-->src\main\AndroidManifest.xml:22:9-24:55
75            android:name="com.google.firebase.messaging.default_notification_channel_id"
75-->src\main\AndroidManifest.xml:23:13-89
76            android:value="high_importance_channel" />
76-->src\main\AndroidManifest.xml:24:13-52
77
78        <activity
78-->src\main\AndroidManifest.xml:26:8-67:20
79            android:name="com.wrteam.flutterquiz.MainActivity"
79-->src\main\AndroidManifest.xml:27:12-40
80            android:configChanges="orientation|keyboardHidden|keyboard|screenSize|smallestScreenSize|locale|layoutDirection|fontScale|screenLayout|density|uiMode"
80-->src\main\AndroidManifest.xml:30:13-163
81            android:exported="true"
81-->src\main\AndroidManifest.xml:34:13-36
82            android:hardwareAccelerated="true"
82-->src\main\AndroidManifest.xml:31:13-47
83            android:launchMode="singleTop"
83-->src\main\AndroidManifest.xml:28:13-43
84            android:resizeableActivity="false"
84-->src\main\AndroidManifest.xml:33:13-47
85            android:theme="@style/LaunchTheme"
85-->src\main\AndroidManifest.xml:29:13-47
86            android:windowSoftInputMode="adjustResize" >
86-->src\main\AndroidManifest.xml:32:13-55
87
88            <!--
89            android:showWhenLocked="true"
90            android:turnScreenOn="true"
91            -->
92            <intent-filter>
92-->src\main\AndroidManifest.xml:39:12-42:28
93                <action android:name="FLUTTER_NOTIFICATION_CLICK" />
93-->src\main\AndroidManifest.xml:40:16-68
93-->src\main\AndroidManifest.xml:40:24-65
94
95                <category android:name="android.intent.category.DEFAULT" />
95-->src\main\AndroidManifest.xml:41:16-75
95-->src\main\AndroidManifest.xml:41:26-72
96            </intent-filter>
97            <!--
98                 Specifies an Android theme to apply to this Activity as soon as
99                 the Android process has started. This theme is visible to the user
100                 while the Flutter UI initializes. After that, this theme continues
101                 to determine the Window background behind the Flutter UI.
102            -->
103            <meta-data
103-->src\main\AndroidManifest.xml:47:13-50:17
104                android:name="io.flutter.embedding.android.NormalTheme"
104-->src\main\AndroidManifest.xml:48:15-70
105                android:resource="@style/NormalTheme" />
105-->src\main\AndroidManifest.xml:49:15-52
106
107            <!--
108              Displays an Android View that continues showing the launch screen
109                 Drawable until Flutter paints its first frame, then this splash
110                 screen fades out. A splash screen is useful to avoid any visual
111                 gap between the end of Android's launch screen and the painting of
112                 
113                 <meta-data
114              android:name="io.flutter.embedding.android.SplashScreenDrawable"
115              android:resource="@drawable/launch_background"
116              />
117                 Flutter's first frame.
118            -->
119
120            <intent-filter>
120-->src\main\AndroidManifest.xml:63:13-66:29
121                <action android:name="android.intent.action.MAIN" />
121-->src\main\AndroidManifest.xml:64:17-68
121-->src\main\AndroidManifest.xml:64:25-66
122
123                <category android:name="android.intent.category.LAUNCHER" />
123-->src\main\AndroidManifest.xml:65:17-76
123-->src\main\AndroidManifest.xml:65:27-74
124            </intent-filter>
125        </activity>
126        <!--
127             Don't delete the meta-data below.
128             This is used by the Flutter tool to generate GeneratedPluginRegistrant.java
129        -->
130        <meta-data
130-->src\main\AndroidManifest.xml:70:9-72:33
131            android:name="flutterEmbedding"
131-->src\main\AndroidManifest.xml:71:13-44
132            android:value="2" />
132-->src\main\AndroidManifest.xml:72:13-30
133        <meta-data
133-->src\main\AndroidManifest.xml:74:8-75:53
134            android:name="com.facebook.sdk.ApplicationId"
134-->src\main\AndroidManifest.xml:74:19-64
135            android:value="@string/facebook_app_id" />
135-->src\main\AndroidManifest.xml:75:12-51
136
137        <activity
137-->src\main\AndroidManifest.xml:77:8-80:47
138            android:name="com.facebook.FacebookActivity"
138-->src\main\AndroidManifest.xml:77:18-62
139            android:configChanges="keyboard|keyboardHidden|screenLayout|screenSize|orientation"
139-->src\main\AndroidManifest.xml:78:12-112
140            android:label="@string/app_name"
140-->src\main\AndroidManifest.xml:80:12-44
141            android:theme="@style/com_facebook_activity_theme" />
141-->[com.facebook.android:facebook-common:12.0.1] AndroidManifest.xml:33:13-63
142        <activity
142-->src\main\AndroidManifest.xml:81:8-90:19
143            android:name="com.facebook.CustomTabActivity"
143-->src\main\AndroidManifest.xml:82:12-57
144            android:exported="true" >
144-->src\main\AndroidManifest.xml:83:12-35
145            <intent-filter>
145-->src\main\AndroidManifest.xml:84:12-89:28
146                <action android:name="android.intent.action.VIEW" />
146-->src\main\AndroidManifest.xml:85:16-68
146-->src\main\AndroidManifest.xml:85:24-65
147
148                <category android:name="android.intent.category.DEFAULT" />
148-->src\main\AndroidManifest.xml:41:16-75
148-->src\main\AndroidManifest.xml:41:26-72
149                <category android:name="android.intent.category.BROWSABLE" />
149-->src\main\AndroidManifest.xml:87:16-77
149-->src\main\AndroidManifest.xml:87:26-74
150
151                <data android:scheme="@string/fb_login_protocol_scheme" />
151-->src\main\AndroidManifest.xml:88:16-74
151-->src\main\AndroidManifest.xml:88:22-71
152            </intent-filter>
153            <intent-filter>
153-->[com.facebook.android:facebook-common:12.0.1] AndroidManifest.xml:39:13-48:29
154                <action android:name="android.intent.action.VIEW" />
154-->src\main\AndroidManifest.xml:85:16-68
154-->src\main\AndroidManifest.xml:85:24-65
155
156                <category android:name="android.intent.category.DEFAULT" />
156-->src\main\AndroidManifest.xml:41:16-75
156-->src\main\AndroidManifest.xml:41:26-72
157                <category android:name="android.intent.category.BROWSABLE" />
157-->src\main\AndroidManifest.xml:87:16-77
157-->src\main\AndroidManifest.xml:87:26-74
158
159                <data
159-->src\main\AndroidManifest.xml:88:16-74
160                    android:host="cct.com.wrteam.flutterquiz"
161                    android:scheme="fbconnect" />
161-->src\main\AndroidManifest.xml:88:22-71
162            </intent-filter>
163        </activity>
164
165        <service
165-->[:firebase_messaging] AndroidManifest.xml:12:9-15:72
166            android:name="io.flutter.plugins.firebase.messaging.FlutterFirebaseMessagingBackgroundService"
166-->[:firebase_messaging] AndroidManifest.xml:13:13-107
167            android:exported="false"
167-->[:firebase_messaging] AndroidManifest.xml:14:13-37
168            android:permission="android.permission.BIND_JOB_SERVICE" />
168-->[:firebase_messaging] AndroidManifest.xml:15:13-69
169        <service
169-->[:firebase_messaging] AndroidManifest.xml:16:9-22:19
170            android:name="io.flutter.plugins.firebase.messaging.FlutterFirebaseMessagingService"
170-->[:firebase_messaging] AndroidManifest.xml:17:13-97
171            android:exported="false" >
171-->[:firebase_messaging] AndroidManifest.xml:18:13-37
172            <intent-filter>
172-->[:firebase_messaging] AndroidManifest.xml:19:13-21:29
173                <action android:name="com.google.firebase.MESSAGING_EVENT" />
173-->[:firebase_messaging] AndroidManifest.xml:20:17-78
173-->[:firebase_messaging] AndroidManifest.xml:20:25-75
174            </intent-filter>
175        </service>
176
177        <receiver
177-->[:firebase_messaging] AndroidManifest.xml:24:9-31:20
178            android:name="io.flutter.plugins.firebase.messaging.FlutterFirebaseMessagingReceiver"
178-->[:firebase_messaging] AndroidManifest.xml:25:13-98
179            android:exported="true"
179-->[:firebase_messaging] AndroidManifest.xml:26:13-36
180            android:permission="com.google.android.c2dm.permission.SEND" >
180-->[:firebase_messaging] AndroidManifest.xml:27:13-73
181            <intent-filter>
181-->[:firebase_messaging] AndroidManifest.xml:28:13-30:29
182                <action android:name="com.google.android.c2dm.intent.RECEIVE" />
182-->[:firebase_messaging] AndroidManifest.xml:29:17-81
182-->[:firebase_messaging] AndroidManifest.xml:29:25-78
183            </intent-filter>
184        </receiver>
185
186        <service
186-->[:firebase_messaging] AndroidManifest.xml:33:9-37:19
187            android:name="com.google.firebase.components.ComponentDiscoveryService"
187-->[:firebase_messaging] AndroidManifest.xml:33:18-89
188            android:directBootAware="true"
188-->[com.google.firebase:firebase-common:20.0.0] AndroidManifest.xml:35:13-43
189            android:exported="false" >
189-->[com.google.firebase:firebase-messaging:23.0.0] AndroidManifest.xml:51:13-37
190            <meta-data
190-->[:firebase_messaging] AndroidManifest.xml:34:13-36:85
191                android:name="com.google.firebase.components:io.flutter.plugins.firebase.messaging.FlutterFirebaseAppRegistrar"
191-->[:firebase_messaging] AndroidManifest.xml:35:17-128
192                android:value="com.google.firebase.components.ComponentRegistrar" />
192-->[:firebase_messaging] AndroidManifest.xml:36:17-82
193            <meta-data
193-->[:cloud_firestore] AndroidManifest.xml:9:13-11:85
194                android:name="com.google.firebase.components:io.flutter.plugins.firebase.firestore.FlutterFirebaseFirestoreRegistrar"
194-->[:cloud_firestore] AndroidManifest.xml:10:17-134
195                android:value="com.google.firebase.components.ComponentRegistrar" />
195-->[:cloud_firestore] AndroidManifest.xml:11:17-82
196            <meta-data
196-->[:firebase_auth] AndroidManifest.xml:9:13-11:85
197                android:name="com.google.firebase.components:io.flutter.plugins.firebase.auth.FlutterFirebaseAuthRegistrar"
197-->[:firebase_auth] AndroidManifest.xml:10:17-124
198                android:value="com.google.firebase.components.ComponentRegistrar" />
198-->[:firebase_auth] AndroidManifest.xml:11:17-82
199            <meta-data
199-->[:firebase_core] AndroidManifest.xml:9:13-11:85
200                android:name="com.google.firebase.components:io.flutter.plugins.firebase.core.FlutterFirebaseCoreRegistrar"
200-->[:firebase_core] AndroidManifest.xml:10:17-124
201                android:value="com.google.firebase.components.ComponentRegistrar" />
201-->[:firebase_core] AndroidManifest.xml:11:17-82
202            <meta-data
202-->[com.google.firebase:firebase-messaging:23.0.0] AndroidManifest.xml:52:13-54:85
203                android:name="com.google.firebase.components:com.google.firebase.messaging.FirebaseMessagingRegistrar"
203-->[com.google.firebase:firebase-messaging:23.0.0] AndroidManifest.xml:53:17-119
204                android:value="com.google.firebase.components.ComponentRegistrar" />
204-->[com.google.firebase:firebase-messaging:23.0.0] AndroidManifest.xml:54:17-82
205            <meta-data
205-->[com.google.firebase:firebase-auth:21.0.1] AndroidManifest.xml:77:13-79:85
206                android:name="com.google.firebase.components:com.google.firebase.auth.FirebaseAuthRegistrar"
206-->[com.google.firebase:firebase-auth:21.0.1] AndroidManifest.xml:78:17-109
207                android:value="com.google.firebase.components.ComponentRegistrar" />
207-->[com.google.firebase:firebase-auth:21.0.1] AndroidManifest.xml:79:17-82
208            <meta-data
208-->[com.google.firebase:firebase-firestore:24.0.0] AndroidManifest.xml:20:13-22:85
209                android:name="com.google.firebase.components:com.google.firebase.firestore.FirestoreRegistrar"
209-->[com.google.firebase:firebase-firestore:24.0.0] AndroidManifest.xml:21:17-111
210                android:value="com.google.firebase.components.ComponentRegistrar" />
210-->[com.google.firebase:firebase-firestore:24.0.0] AndroidManifest.xml:22:17-82
211            <meta-data
211-->[com.google.firebase:firebase-datatransport:18.0.0] AndroidManifest.xml:28:13-30:85
212                android:name="com.google.firebase.components:com.google.firebase.datatransport.TransportRegistrar"
212-->[com.google.firebase:firebase-datatransport:18.0.0] AndroidManifest.xml:29:17-115
213                android:value="com.google.firebase.components.ComponentRegistrar" />
213-->[com.google.firebase:firebase-datatransport:18.0.0] AndroidManifest.xml:30:17-82
214            <meta-data
214-->[com.google.firebase:firebase-installations:17.0.0] AndroidManifest.xml:18:13-20:85
215                android:name="com.google.firebase.components:com.google.firebase.installations.FirebaseInstallationsRegistrar"
215-->[com.google.firebase:firebase-installations:17.0.0] AndroidManifest.xml:19:17-127
216                android:value="com.google.firebase.components.ComponentRegistrar" />
216-->[com.google.firebase:firebase-installations:17.0.0] AndroidManifest.xml:20:17-82
217        </service>
218
219        <provider
219-->[:firebase_messaging] AndroidManifest.xml:39:9-43:38
220            android:name="io.flutter.plugins.firebase.messaging.FlutterFirebaseMessagingInitProvider"
220-->[:firebase_messaging] AndroidManifest.xml:40:13-102
221            android:authorities="com.wrteam.flutterquiz.flutterfirebasemessaginginitprovider"
221-->[:firebase_messaging] AndroidManifest.xml:41:13-88
222            android:exported="false"
222-->[:firebase_messaging] AndroidManifest.xml:42:13-37
223            android:initOrder="99" />
223-->[:firebase_messaging] AndroidManifest.xml:43:13-35
224        <provider
224-->[:image_picker] AndroidManifest.xml:8:9-16:20
225            android:name="io.flutter.plugins.imagepicker.ImagePickerFileProvider"
225-->[:image_picker] AndroidManifest.xml:9:13-82
226            android:authorities="com.wrteam.flutterquiz.flutter.image_provider"
226-->[:image_picker] AndroidManifest.xml:10:13-74
227            android:exported="false"
227-->[:image_picker] AndroidManifest.xml:11:13-37
228            android:grantUriPermissions="true" >
228-->[:image_picker] AndroidManifest.xml:12:13-47
229            <meta-data
229-->[:image_picker] AndroidManifest.xml:13:13-15:75
230                android:name="android.support.FILE_PROVIDER_PATHS"
230-->[:image_picker] AndroidManifest.xml:14:17-67
231                android:resource="@xml/flutter_image_picker_file_paths" />
231-->[:image_picker] AndroidManifest.xml:15:17-72
232        </provider>
233
234        <receiver
234-->[:flutter_local_notifications] AndroidManifest.xml:13:9-15:40
235            android:name="com.dexterous.flutterlocalnotifications.ScheduledNotificationReceiver"
235-->[:flutter_local_notifications] AndroidManifest.xml:14:13-97
236            android:exported="false" />
236-->[:flutter_local_notifications] AndroidManifest.xml:15:13-37
237        <receiver
237-->[:flutter_local_notifications] AndroidManifest.xml:16:9-25:20
238            android:name="com.dexterous.flutterlocalnotifications.ScheduledNotificationBootReceiver"
238-->[:flutter_local_notifications] AndroidManifest.xml:17:13-101
239            android:exported="false" >
239-->[:flutter_local_notifications] AndroidManifest.xml:18:13-37
240            <intent-filter>
240-->[:flutter_local_notifications] AndroidManifest.xml:19:13-24:29
241                <action android:name="android.intent.action.BOOT_COMPLETED" />
241-->[:flutter_local_notifications] AndroidManifest.xml:20:17-79
241-->[:flutter_local_notifications] AndroidManifest.xml:20:25-76
242                <action android:name="android.intent.action.MY_PACKAGE_REPLACED" />
242-->[:flutter_local_notifications] AndroidManifest.xml:21:17-84
242-->[:flutter_local_notifications] AndroidManifest.xml:21:25-81
243                <action android:name="android.intent.action.QUICKBOOT_POWERON" />
243-->[:flutter_local_notifications] AndroidManifest.xml:22:17-82
243-->[:flutter_local_notifications] AndroidManifest.xml:22:25-79
244                <action android:name="com.htc.intent.action.QUICKBOOT_POWERON" />
244-->[:flutter_local_notifications] AndroidManifest.xml:23:17-82
244-->[:flutter_local_notifications] AndroidManifest.xml:23:25-79
245            </intent-filter>
246        </receiver>
247        <receiver
247-->[:assets_audio_player] AndroidManifest.xml:12:9-14:40
248            android:name="com.github.florent37.assets_audio_player.notification.NotificationActionReceiver"
248-->[:assets_audio_player] AndroidManifest.xml:13:13-108
249            android:exported="false" />
249-->[:assets_audio_player] AndroidManifest.xml:14:13-37
250        <receiver
250-->[:assets_audio_player] AndroidManifest.xml:15:9-21:20
251            android:name="com.github.florent37.assets_audio_player.notification.CustomMediaButtonReceiver"
251-->[:assets_audio_player] AndroidManifest.xml:16:13-107
252            android:exported="false" >
252-->[:assets_audio_player] AndroidManifest.xml:17:13-37
253            <intent-filter>
253-->[:assets_audio_player] AndroidManifest.xml:18:13-20:29
254                <action android:name="android.intent.action.MEDIA_BUTTON" />
254-->[:assets_audio_player] AndroidManifest.xml:19:17-77
254-->[:assets_audio_player] AndroidManifest.xml:19:25-74
255            </intent-filter>
256        </receiver>
257
258        <service
258-->[:assets_audio_player] AndroidManifest.xml:23:9-33:19
259            android:name="com.github.florent37.assets_audio_player.notification.NotificationService"
259-->[:assets_audio_player] AndroidManifest.xml:24:13-101
260            android:enabled="true"
260-->[:assets_audio_player] AndroidManifest.xml:25:13-35
261            android:exported="true" >
261-->[:assets_audio_player] AndroidManifest.xml:26:13-36
262
263            <!--
264            <intent-filter>
265                <action android:name="android.intent.action.MEDIA_BUTTON" />
266            </intent-filter>
267            -->
268        </service>
269
270        <meta-data
270-->[:google_mobile_ads] AndroidManifest.xml:10:9-12:36
271            android:name="io.flutter.embedded_views_preview"
271-->[:google_mobile_ads] AndroidManifest.xml:11:13-61
272            android:value="true" />
272-->[:google_mobile_ads] AndroidManifest.xml:12:13-33
273
274        <provider
274-->[:share_plus] AndroidManifest.xml:8:9-16:20
275            android:name="dev.fluttercommunity.plus.share.ShareFileProvider"
275-->[:share_plus] AndroidManifest.xml:9:13-77
276            android:authorities="com.wrteam.flutterquiz.flutter.share_provider"
276-->[:share_plus] AndroidManifest.xml:10:13-74
277            android:exported="false"
277-->[:share_plus] AndroidManifest.xml:11:13-37
278            android:grantUriPermissions="true" >
278-->[:share_plus] AndroidManifest.xml:12:13-47
279            <meta-data
279-->[:image_picker] AndroidManifest.xml:13:13-15:75
280                android:name="android.support.FILE_PROVIDER_PATHS"
280-->[:image_picker] AndroidManifest.xml:14:17-67
281                android:resource="@xml/flutter_share_file_paths" />
281-->[:image_picker] AndroidManifest.xml:15:17-72
282        </provider>
283
284        <activity
284-->[:url_launcher_android] AndroidManifest.xml:8:9-11:74
285            android:name="io.flutter.plugins.urllauncher.WebViewActivity"
285-->[:url_launcher_android] AndroidManifest.xml:9:13-74
286            android:exported="false"
286-->[:url_launcher_android] AndroidManifest.xml:10:13-37
287            android:theme="@android:style/Theme.NoTitleBar.Fullscreen" />
287-->[:url_launcher_android] AndroidManifest.xml:11:13-71
288        <activity android:name="com.facebook.CustomTabMainActivity" />
288-->[com.facebook.android:facebook-common:12.0.1] AndroidManifest.xml:34:9-71
288-->[com.facebook.android:facebook-common:12.0.1] AndroidManifest.xml:34:19-68
289        <!--
290         The initialization ContentProvider will call FacebookSdk.sdkInitialize automatically
291         with the application context. This config is merged in with the host app's manifest,
292         but there can only be one provider with the same authority activated at any given
293         point; so if the end user has two or more different apps that use Facebook SDK, only the
294         first one will be able to use the provider. To work around this problem, we use the
295         following placeholder in the authority to identify each host application as if it was
296         a completely different provider.
297        -->
298        <provider
298-->[com.facebook.android:facebook-core:12.0.1] AndroidManifest.xml:39:9-42:40
299            android:name="com.facebook.internal.FacebookInitProvider"
299-->[com.facebook.android:facebook-core:12.0.1] AndroidManifest.xml:40:13-70
300            android:authorities="com.wrteam.flutterquiz.FacebookInitProvider"
300-->[com.facebook.android:facebook-core:12.0.1] AndroidManifest.xml:41:13-72
301            android:exported="false" />
301-->[com.facebook.android:facebook-core:12.0.1] AndroidManifest.xml:42:13-37
302
303        <receiver
303-->[com.facebook.android:facebook-core:12.0.1] AndroidManifest.xml:44:9-50:20
304            android:name="com.facebook.CurrentAccessTokenExpirationBroadcastReceiver"
304-->[com.facebook.android:facebook-core:12.0.1] AndroidManifest.xml:45:13-86
305            android:exported="false" >
305-->[com.facebook.android:facebook-core:12.0.1] AndroidManifest.xml:46:13-37
306            <intent-filter>
306-->[com.facebook.android:facebook-core:12.0.1] AndroidManifest.xml:47:13-49:29
307                <action android:name="com.facebook.sdk.ACTION_CURRENT_ACCESS_TOKEN_CHANGED" />
307-->[com.facebook.android:facebook-core:12.0.1] AndroidManifest.xml:48:17-95
307-->[com.facebook.android:facebook-core:12.0.1] AndroidManifest.xml:48:25-92
308            </intent-filter>
309        </receiver>
310        <receiver
310-->[com.facebook.android:facebook-core:12.0.1] AndroidManifest.xml:51:9-57:20
311            android:name="com.facebook.AuthenticationTokenManager$CurrentAuthenticationTokenChangedBroadcastReceiver"
311-->[com.facebook.android:facebook-core:12.0.1] AndroidManifest.xml:52:13-118
312            android:exported="false" >
312-->[com.facebook.android:facebook-core:12.0.1] AndroidManifest.xml:53:13-37
313            <intent-filter>
313-->[com.facebook.android:facebook-core:12.0.1] AndroidManifest.xml:54:13-56:29
314                <action android:name="com.facebook.sdk.ACTION_CURRENT_AUTHENTICATION_TOKEN_CHANGED" />
314-->[com.facebook.android:facebook-core:12.0.1] AndroidManifest.xml:55:17-103
314-->[com.facebook.android:facebook-core:12.0.1] AndroidManifest.xml:55:25-100
315            </intent-filter>
316        </receiver>
317
318        <uses-library
318-->[androidx.window:window:1.0.0-beta04] AndroidManifest.xml:25:9-27:40
319            android:name="androidx.window.extensions"
319-->[androidx.window:window:1.0.0-beta04] AndroidManifest.xml:26:13-54
320            android:required="false" />
320-->[androidx.window:window:1.0.0-beta04] AndroidManifest.xml:27:13-37
321        <uses-library
321-->[androidx.window:window:1.0.0-beta04] AndroidManifest.xml:28:9-30:40
322            android:name="androidx.window.sidecar"